Traceback (most recent call last):
  File "/opt/hostedtoolcache/Python/3.11.11/x64/lib/python3.11/site-packages/jupyter_cache/executors/utils.py", line 58, in single_nb_execution
    executenb(
  File "/opt/hostedtoolcache/Python/3.11.11/x64/lib/python3.11/site-packages/nbclient/client.py", line 1319, in execute
    return NotebookClient(nb=nb, resources=resources, km=km, **kwargs).execute()
           ^^^^^^^^^^^^^^^^^^^^^^^^^^^^^^^^^^^^^^^^^^^^^^^^^^^^^^^^^^^^^^^^^^^^^
  File "/opt/hostedtoolcache/Python/3.11.11/x64/lib/python3.11/site-packages/jupyter_core/utils/__init__.py", line 165, in wrapped
    return loop.run_until_complete(inner)
           ^^^^^^^^^^^^^^^^^^^^^^^^^^^^^^
  File "/opt/hostedtoolcache/Python/3.11.11/x64/lib/python3.11/asyncio/base_events.py", line 654, in run_until_complete
    return future.result()
           ^^^^^^^^^^^^^^^
  File "/opt/hostedtoolcache/Python/3.11.11/x64/lib/python3.11/site-packages/nbclient/client.py", line 709, in async_execute
    await self.async_execute_cell(
  File "/opt/hostedtoolcache/Python/3.11.11/x64/lib/python3.11/site-packages/nbclient/client.py", line 1062, in async_execute_cell
    await self._check_raise_for_error(cell, cell_index, exec_reply)
  File "/opt/hostedtoolcache/Python/3.11.11/x64/lib/python3.11/site-packages/nbclient/client.py", line 918, in _check_raise_for_error
    raise CellExecutionError.from_cell_and_msg(cell, exec_reply_content)
nbclient.exceptions.CellExecutionError: An error occurred while executing the following cell:
------------------
import pypsa
import atlite
import pandas as pd
import geopandas as gpd
import xarray as xr
import matplotlib.pyplot as plt
import holoviews as hv

plt.style.use("bmh")
------------------


[0;31m---------------------------------------------------------------------------[0m
[0;31mImportError[0m                               Traceback (most recent call last)
Cell [0;32mIn[1], line 2[0m
[1;32m      1[0m [38;5;28;01mimport[39;00m[38;5;250m [39m[38;5;21;01mpypsa[39;00m
[0;32m----> 2[0m [38;5;28;01mimport[39;00m[38;5;250m [39m[38;5;21;01matlite[39;00m
[1;32m      3[0m [38;5;28;01mimport[39;00m[38;5;250m [39m[38;5;21;01mpandas[39;00m[38;5;250m [39m[38;5;28;01mas[39;00m[38;5;250m [39m[38;5;21;01mpd[39;00m
[1;32m      4[0m [38;5;28;01mimport[39;00m[38;5;250m [39m[38;5;21;01mgeopandas[39;00m[38;5;250m [39m[38;5;28;01mas[39;00m[38;5;250m [39m[38;5;21;01mgpd[39;00m

File [0;32m/opt/hostedtoolcache/Python/3.11.11/x64/lib/python3.11/site-packages/atlite/__init__.py:28[0m
[1;32m     25[0m [38;5;28;01mimport[39;00m[38;5;250m [39m[38;5;21;01mre[39;00m
[1;32m     26[0m [38;5;28;01mfrom[39;00m[38;5;250m [39m[38;5;21;01mimportlib[39;00m[38;5;21;01m.[39;00m[38;5;21;01mmetadata[39;00m[38;5;250m [39m[38;5;28;01mimport[39;00m version
[0;32m---> 28[0m [38;5;28;01mfrom[39;00m[38;5;250m [39m[38;5;21;01matlite[39;00m[38;5;21;01m.[39;00m[38;5;21;01mcutout[39;00m[38;5;250m [39m[38;5;28;01mimport[39;00m Cutout
[1;32m     29[0m [38;5;28;01mfrom[39;00m[38;5;250m [39m[38;5;21;01matlite[39;00m[38;5;21;01m.[39;00m[38;5;21;01mgis[39;00m[38;5;250m [39m[38;5;28;01mimport[39;00m ExclusionContainer, compute_indicatormatrix, regrid
[1;32m     30[0m [38;5;28;01mfrom[39;00m[38;5;250m [39m[38;5;21;01matlite[39;00m[38;5;21;01m.[39;00m[38;5;21;01mresource[39;00m[38;5;250m [39m[38;5;28;01mimport[39;00m cspinstallations, solarpanels, windturbines

File [0;32m/opt/hostedtoolcache/Python/3.11.11/x64/lib/python3.11/site-packages/atlite/cutout.py:32[0m
[1;32m     29[0m [38;5;28;01mfrom[39;00m[38;5;250m [39m[38;5;21;01mpyproj[39;00m[38;5;250m [39m[38;5;28;01mimport[39;00m CRS
[1;32m     30[0m [38;5;28;01mfrom[39;00m[38;5;250m [39m[38;5;21;01mshapely[39;00m[38;5;21;01m.[39;00m[38;5;21;01mgeometry[39;00m[38;5;250m [39m[38;5;28;01mimport[39;00m box
[0;32m---> 32[0m [38;5;28;01mfrom[39;00m[38;5;250m [39m[38;5;21;01matlite[39;00m[38;5;21;01m.[39;00m[38;5;21;01mconvert[39;00m[38;5;250m [39m[38;5;28;01mimport[39;00m (
[1;32m     33[0m     coefficient_of_performance,
[1;32m     34[0m     convert_and_aggregate,
[1;32m     35[0m     csp,
[1;32m     36[0m     dewpoint_temperature,
[1;32m     37[0m     heat_demand,
[1;32m     38[0m     hydro,
[1;32m     39[0m     irradiation,
[1;32m     40[0m     line_rating,
[1;32m     41[0m     pv,
[1;32m     42[0m     runoff,
[1;32m     43[0m     soil_temperature,
[1;32m     44[0m     solar_thermal,
[1;32m     45[0m     temperature,
[1;32m     46[0m     wind,
[1;32m     47[0m )
[1;32m     48[0m [38;5;28;01mfrom[39;00m[38;5;250m [39m[38;5;21;01matlite[39;00m[38;5;21;01m.[39;00m[38;5;21;01mdata[39;00m[38;5;250m [39m[38;5;28;01mimport[39;00m available_features, cutout_prepare
[1;32m     49[0m [38;5;28;01mfrom[39;00m[38;5;250m [39m[38;5;21;01matlite[39;00m[38;5;21;01m.[39;00m[38;5;21;01mdatasets[39;00m[38;5;250m [39m[38;5;28;01mimport[39;00m modules [38;5;28;01mas[39;00m datamodules

File [0;32m/opt/hostedtoolcache/Python/3.11.11/x64/lib/python3.11/site-packages/atlite/convert.py:36[0m
[1;32m     34[0m [38;5;28;01mfrom[39;00m[38;5;250m [39m[38;5;21;01matlite[39;00m[38;5;21;01m.[39;00m[38;5;21;01mpv[39;00m[38;5;21;01m.[39;00m[38;5;21;01msolar_panel_model[39;00m[38;5;250m [39m[38;5;28;01mimport[39;00m SolarPanelModel
[1;32m     35[0m [38;5;28;01mfrom[39;00m[38;5;250m [39m[38;5;21;01matlite[39;00m[38;5;21;01m.[39;00m[38;5;21;01mpv[39;00m[38;5;21;01m.[39;00m[38;5;21;01msolar_position[39;00m[38;5;250m [39m[38;5;28;01mimport[39;00m SolarPosition
[0;32m---> 36[0m [38;5;28;01mfrom[39;00m[38;5;250m [39m[38;5;21;01matlite[39;00m[38;5;21;01m.[39;00m[38;5;21;01mresource[39;00m[38;5;250m [39m[38;5;28;01mimport[39;00m (
[1;32m     37[0m     get_cspinstallationconfig,
[1;32m     38[0m     get_solarpanelconfig,
[1;32m     39[0m     get_windturbineconfig,
[1;32m     40[0m     windturbine_smooth,
[1;32m     41[0m )
[1;32m     43[0m logger [38;5;241m=[39m logging[38;5;241m.[39mgetLogger([38;5;18m__name__[39m)
[1;32m     45[0m [38;5;28;01mif[39;00m TYPE_CHECKING:

File [0;32m/opt/hostedtoolcache/Python/3.11.11/x64/lib/python3.11/site-packages/atlite/resource.py:24[0m
[1;32m     22[0m [38;5;28;01mimport[39;00m[38;5;250m [39m[38;5;21;01myaml[39;00m
[1;32m     23[0m [38;5;28;01mfrom[39;00m[38;5;250m [39m[38;5;21;01mdask[39;00m[38;5;21;01m.[39;00m[38;5;21;01marray[39;00m[38;5;250m [39m[38;5;28;01mimport[39;00m radians
[0;32m---> 24[0m [38;5;28;01mfrom[39;00m[38;5;250m [39m[38;5;21;01mscipy[39;00m[38;5;21;01m.[39;00m[38;5;21;01msignal[39;00m[38;5;250m [39m[38;5;28;01mimport[39;00m fftconvolve
[1;32m     26[0m [38;5;28;01mfrom[39;00m[38;5;250m [39m[38;5;21;01matlite[39;00m[38;5;21;01m.[39;00m[38;5;21;01mutils[39;00m[38;5;250m [39m[38;5;28;01mimport[39;00m arrowdict
[1;32m     28[0m logger [38;5;241m=[39m logging[38;5;241m.[39mgetLogger(name[38;5;241m=[39m[38;5;18m__name__[39m)

File [0;32m/opt/hostedtoolcache/Python/3.11.11/x64/lib/python3.11/site-packages/scipy/signal/__init__.py:302[0m
[1;32m    296[0m [38;5;28;01mfrom[39;00m[38;5;250m [39m[38;5;21;01m.[39;00m[38;5;21;01m_upfirdn[39;00m[38;5;250m [39m[38;5;28;01mimport[39;00m upfirdn
[1;32m    298[0m [38;5;28;01mfrom[39;00m[38;5;250m [39m[38;5;21;01m.[39;00m[38;5;21;01m_spline[39;00m[38;5;250m [39m[38;5;28;01mimport[39;00m (
[1;32m    299[0m     sepfir2d
[1;32m    300[0m )
[0;32m--> 302[0m [38;5;28;01mfrom[39;00m[38;5;250m [39m[38;5;21;01m.[39;00m[38;5;21;01m_spline_filters[39;00m[38;5;250m [39m[38;5;28;01mimport[39;00m [38;5;241m*[39m
[1;32m    303[0m [38;5;28;01mfrom[39;00m[38;5;250m [39m[38;5;21;01m.[39;00m[38;5;21;01m_filter_design[39;00m[38;5;250m [39m[38;5;28;01mimport[39;00m [38;5;241m*[39m
[1;32m    304[0m [38;5;28;01mfrom[39;00m[38;5;250m [39m[38;5;21;01m.[39;00m[38;5;21;01m_fir_filter_design[39;00m[38;5;250m [39m[38;5;28;01mimport[39;00m [38;5;241m*[39m

File [0;32m/opt/hostedtoolcache/Python/3.11.11/x64/lib/python3.11/site-packages/scipy/signal/_spline_filters.py:11[0m
[1;32m      9[0m [38;5;66;03m# From splinemodule.c[39;00m
[1;32m     10[0m [38;5;28;01mfrom[39;00m[38;5;250m [39m[38;5;21;01m.[39;00m[38;5;21;01m_spline[39;00m[38;5;250m [39m[38;5;28;01mimport[39;00m sepfir2d, symiirorder1_ic, symiirorder2_ic_fwd, symiirorder2_ic_bwd
[0;32m---> 11[0m [38;5;28;01mfrom[39;00m[38;5;250m [39m[38;5;21;01m.[39;00m[38;5;21;01m_signaltools[39;00m[38;5;250m [39m[38;5;28;01mimport[39;00m lfilter, sosfilt, lfiltic
[1;32m     12[0m [38;5;28;01mfrom[39;00m[38;5;250m [39m[38;5;21;01m.[39;00m[38;5;21;01m_arraytools[39;00m[38;5;250m [39m[38;5;28;01mimport[39;00m axis_slice, axis_reverse
[1;32m     14[0m [38;5;28;01mfrom[39;00m[38;5;250m [39m[38;5;21;01mscipy[39;00m[38;5;21;01m.[39;00m[38;5;21;01minterpolate[39;00m[38;5;250m [39m[38;5;28;01mimport[39;00m BSpline

File [0;32m/opt/hostedtoolcache/Python/3.11.11/x64/lib/python3.11/site-packages/scipy/signal/_signaltools.py:16[0m
[1;32m     14[0m [38;5;28;01mfrom[39;00m[38;5;250m [39m[38;5;21;01mscipy[39;00m[38;5;21;01m.[39;00m[38;5;21;01mspatial[39;00m[38;5;250m [39m[38;5;28;01mimport[39;00m cKDTree
[1;32m     15[0m [38;5;28;01mfrom[39;00m[38;5;250m [39m[38;5;21;01m.[39;00m[38;5;250m [39m[38;5;28;01mimport[39;00m _sigtools
[0;32m---> 16[0m [38;5;28;01mfrom[39;00m[38;5;250m [39m[38;5;21;01m.[39;00m[38;5;21;01m_ltisys[39;00m[38;5;250m [39m[38;5;28;01mimport[39;00m dlti
[1;32m     17[0m [38;5;28;01mfrom[39;00m[38;5;250m [39m[38;5;21;01m.[39;00m[38;5;21;01m_upfirdn[39;00m[38;5;250m [39m[38;5;28;01mimport[39;00m upfirdn, _output_len, _upfirdn_modes
[1;32m     18[0m [38;5;28;01mfrom[39;00m[38;5;250m [39m[38;5;21;01mscipy[39;00m[38;5;250m [39m[38;5;28;01mimport[39;00m linalg, fft [38;5;28;01mas[39;00m sp_fft

File [0;32m/opt/hostedtoolcache/Python/3.11.11/x64/lib/python3.11/site-packages/scipy/signal/_ltisys.py:29[0m
[1;32m     27[0m [38;5;28;01mfrom[39;00m[38;5;250m [39m[38;5;21;01mscipy[39;00m[38;5;21;01m.[39;00m[38;5;21;01mlinalg[39;00m[38;5;250m [39m[38;5;28;01mimport[39;00m qr [38;5;28;01mas[39;00m s_qr
[1;32m     28[0m [38;5;28;01mfrom[39;00m[38;5;250m [39m[38;5;21;01mscipy[39;00m[38;5;250m [39m[38;5;28;01mimport[39;00m linalg
[0;32m---> 29[0m [38;5;28;01mfrom[39;00m[38;5;250m [39m[38;5;21;01mscipy[39;00m[38;5;21;01m.[39;00m[38;5;21;01minterpolate[39;00m[38;5;250m [39m[38;5;28;01mimport[39;00m make_interp_spline
[1;32m     30[0m [38;5;28;01mfrom[39;00m[38;5;250m [39m[38;5;21;01m.[39;00m[38;5;21;01m_filter_design[39;00m[38;5;250m [39m[38;5;28;01mimport[39;00m (tf2zpk, zpk2tf, normalize, freqs, freqz, freqs_zpk,
[1;32m     31[0m                             freqz_zpk)
[1;32m     32[0m [38;5;28;01mfrom[39;00m[38;5;250m [39m[38;5;21;01m.[39;00m[38;5;21;01m_lti_conversion[39;00m[38;5;250m [39m[38;5;28;01mimport[39;00m (tf2ss, abcd_normalize, ss2tf, zpk2ss, ss2zpk,
[1;32m     33[0m                              cont2discrete, _atleast_2d_or_none)

File [0;32m/opt/hostedtoolcache/Python/3.11.11/x64/lib/python3.11/site-packages/scipy/interpolate/__init__.py:179[0m
[1;32m      1[0m [38;5;124;03m"""[39;00m
[1;32m      2[0m [38;5;124;03m========================================[39;00m
[1;32m      3[0m [38;5;124;03mInterpolation (:mod:`scipy.interpolate`)[39;00m
[0;32m   (...)[0m
[1;32m    177[0m [38;5;124;03m(should not be used in new code).[39;00m
[1;32m    178[0m [38;5;124;03m"""[39;00m
[0;32m--> 179[0m [38;5;28;01mfrom[39;00m[38;5;250m [39m[38;5;21;01m.[39;00m[38;5;21;01m_interpolate[39;00m[38;5;250m [39m[38;5;28;01mimport[39;00m [38;5;241m*[39m
[1;32m    180[0m [38;5;28;01mfrom[39;00m[38;5;250m [39m[38;5;21;01m.[39;00m[38;5;21;01m_fitpack_py[39;00m[38;5;250m [39m[38;5;28;01mimport[39;00m [38;5;241m*[39m
[1;32m    182[0m [38;5;66;03m# New interface to fitpack library:[39;00m

File [0;32m/opt/hostedtoolcache/Python/3.11.11/x64/lib/python3.11/site-packages/scipy/interpolate/_interpolate.py:12[0m
[1;32m      9[0m [38;5;28;01mfrom[39;00m[38;5;250m [39m[38;5;21;01mscipy[39;00m[38;5;21;01m.[39;00m[38;5;21;01m_lib[39;00m[38;5;21;01m.[39;00m[38;5;21;01m_util[39;00m[38;5;250m [39m[38;5;28;01mimport[39;00m copy_if_needed
[1;32m     10[0m [38;5;28;01mfrom[39;00m[38;5;250m [39m[38;5;21;01mscipy[39;00m[38;5;21;01m.[39;00m[38;5;21;01mspecial[39;00m[38;5;250m [39m[38;5;28;01mimport[39;00m comb
[0;32m---> 12[0m [38;5;28;01mfrom[39;00m[38;5;250m [39m[38;5;21;01m.[39;00m[38;5;250m [39m[38;5;28;01mimport[39;00m _fitpack_py
[1;32m     13[0m [38;5;28;01mfrom[39;00m[38;5;250m [39m[38;5;21;01m.[39;00m[38;5;21;01m_polyint[39;00m[38;5;250m [39m[38;5;28;01mimport[39;00m _Interpolator1D
[1;32m     14[0m [38;5;28;01mfrom[39;00m[38;5;250m [39m[38;5;21;01m.[39;00m[38;5;250m [39m[38;5;28;01mimport[39;00m _ppoly

File [0;32m/opt/hostedtoolcache/Python/3.11.11/x64/lib/python3.11/site-packages/scipy/interpolate/_fitpack_py.py:10[0m
[1;32m      8[0m [38;5;28;01mfrom[39;00m[38;5;250m [39m[38;5;21;01m.[39;00m[38;5;21;01m_fitpack_impl[39;00m[38;5;250m [39m[38;5;28;01mimport[39;00m bisplrep, bisplev, dblint  [38;5;66;03m# noqa: F401[39;00m
[1;32m      9[0m [38;5;28;01mfrom[39;00m[38;5;250m [39m[38;5;21;01m.[39;00m[38;5;250m [39m[38;5;28;01mimport[39;00m _fitpack_impl [38;5;28;01mas[39;00m _impl
[0;32m---> 10[0m [38;5;28;01mfrom[39;00m[38;5;250m [39m[38;5;21;01m.[39;00m[38;5;21;01m_bsplines[39;00m[38;5;250m [39m[38;5;28;01mimport[39;00m BSpline
[1;32m     13[0m [38;5;28;01mdef[39;00m[38;5;250m [39m[38;5;21msplprep[39m(x, w[38;5;241m=[39m[38;5;28;01mNone[39;00m, u[38;5;241m=[39m[38;5;28;01mNone[39;00m, ub[38;5;241m=[39m[38;5;28;01mNone[39;00m, ue[38;5;241m=[39m[38;5;28;01mNone[39;00m, k[38;5;241m=[39m[38;5;241m3[39m, task[38;5;241m=[39m[38;5;241m0[39m, s[38;5;241m=[39m[38;5;28;01mNone[39;00m, t[38;5;241m=[39m[38;5;28;01mNone[39;00m,
[1;32m     14[0m             full_output[38;5;241m=[39m[38;5;241m0[39m, nest[38;5;241m=[39m[38;5;28;01mNone[39;00m, per[38;5;241m=[39m[38;5;241m0[39m, quiet[38;5;241m=[39m[38;5;241m1[39m):
[1;32m     15[0m [38;5;250m    [39m[38;5;124;03m"""[39;00m
[1;32m     16[0m [38;5;124;03m    Find the B-spline representation of an N-D curve.[39;00m
[1;32m     17[0m 
[0;32m   (...)[0m
[1;32m    156[0m 
[1;32m    157[0m [38;5;124;03m    """[39;00m

File [0;32m/opt/hostedtoolcache/Python/3.11.11/x64/lib/python3.11/site-packages/scipy/interpolate/_bsplines.py:9[0m
[1;32m      5[0m [38;5;28;01mfrom[39;00m[38;5;250m [39m[38;5;21;01mscipy[39;00m[38;5;21;01m.[39;00m[38;5;21;01m_lib[39;00m[38;5;21;01m.[39;00m[38;5;21;01m_util[39;00m[38;5;250m [39m[38;5;28;01mimport[39;00m normalize_axis_index
[1;32m      6[0m [38;5;28;01mfrom[39;00m[38;5;250m [39m[38;5;21;01mscipy[39;00m[38;5;21;01m.[39;00m[38;5;21;01mlinalg[39;00m[38;5;250m [39m[38;5;28;01mimport[39;00m (get_lapack_funcs, LinAlgError,
[1;32m      7[0m                           cholesky_banded, cho_solve_banded,
[1;32m      8[0m                           solve, solve_banded)
[0;32m----> 9[0m [38;5;28;01mfrom[39;00m[38;5;250m [39m[38;5;21;01mscipy[39;00m[38;5;21;01m.[39;00m[38;5;21;01moptimize[39;00m[38;5;250m [39m[38;5;28;01mimport[39;00m minimize_scalar
[1;32m     10[0m [38;5;28;01mfrom[39;00m[38;5;250m [39m[38;5;21;01m.[39;00m[38;5;250m [39m[38;5;28;01mimport[39;00m _dierckx
[1;32m     11[0m [38;5;28;01mfrom[39;00m[38;5;250m [39m[38;5;21;01m.[39;00m[38;5;250m [39m[38;5;28;01mimport[39;00m _fitpack_impl

File [0;32m/opt/hostedtoolcache/Python/3.11.11/x64/lib/python3.11/site-packages/scipy/optimize/__init__.py:435[0m
[1;32m    433[0m [38;5;28;01mfrom[39;00m[38;5;250m [39m[38;5;21;01m.[39;00m[38;5;21;01m_nnls[39;00m[38;5;250m [39m[38;5;28;01mimport[39;00m nnls
[1;32m    434[0m [38;5;28;01mfrom[39;00m[38;5;250m [39m[38;5;21;01m.[39;00m[38;5;21;01m_basinhopping[39;00m[38;5;250m [39m[38;5;28;01mimport[39;00m basinhopping
[0;32m--> 435[0m [38;5;28;01mfrom[39;00m[38;5;250m [39m[38;5;21;01m.[39;00m[38;5;21;01m_linprog[39;00m[38;5;250m [39m[38;5;28;01mimport[39;00m linprog, linprog_verbose_callback
[1;32m    436[0m [38;5;28;01mfrom[39;00m[38;5;250m [39m[38;5;21;01m.[39;00m[38;5;21;01m_lsap[39;00m[38;5;250m [39m[38;5;28;01mimport[39;00m linear_sum_assignment
[1;32m    437[0m [38;5;28;01mfrom[39;00m[38;5;250m [39m[38;5;21;01m.[39;00m[38;5;21;01m_differentialevolution[39;00m[38;5;250m [39m[38;5;28;01mimport[39;00m differential_evolution

File [0;32m/opt/hostedtoolcache/Python/3.11.11/x64/lib/python3.11/site-packages/scipy/optimize/_linprog.py:21[0m
[1;32m     19[0m [38;5;28;01mfrom[39;00m[38;5;250m [39m[38;5;21;01m.[39;00m[38;5;21;01m_optimize[39;00m[38;5;250m [39m[38;5;28;01mimport[39;00m OptimizeResult, OptimizeWarning
[1;32m     20[0m [38;5;28;01mfrom[39;00m[38;5;250m [39m[38;5;21;01mwarnings[39;00m[38;5;250m [39m[38;5;28;01mimport[39;00m warn
[0;32m---> 21[0m [38;5;28;01mfrom[39;00m[38;5;250m [39m[38;5;21;01m.[39;00m[38;5;21;01m_linprog_highs[39;00m[38;5;250m [39m[38;5;28;01mimport[39;00m _linprog_highs
[1;32m     22[0m [38;5;28;01mfrom[39;00m[38;5;250m [39m[38;5;21;01m.[39;00m[38;5;21;01m_linprog_ip[39;00m[38;5;250m [39m[38;5;28;01mimport[39;00m _linprog_ip
[1;32m     23[0m [38;5;28;01mfrom[39;00m[38;5;250m [39m[38;5;21;01m.[39;00m[38;5;21;01m_linprog_simplex[39;00m[38;5;250m [39m[38;5;28;01mimport[39;00m _linprog_simplex

File [0;32m/opt/hostedtoolcache/Python/3.11.11/x64/lib/python3.11/site-packages/scipy/optimize/_linprog_highs.py:20[0m
[1;32m     18[0m [38;5;28;01mfrom[39;00m[38;5;250m [39m[38;5;21;01m.[39;00m[38;5;21;01m_optimize[39;00m[38;5;250m [39m[38;5;28;01mimport[39;00m OptimizeWarning, OptimizeResult
[1;32m     19[0m [38;5;28;01mfrom[39;00m[38;5;250m [39m[38;5;21;01mwarnings[39;00m[38;5;250m [39m[38;5;28;01mimport[39;00m warn
[0;32m---> 20[0m [38;5;28;01mfrom[39;00m[38;5;250m [39m[38;5;21;01m.[39;00m[38;5;21;01m_highspy[39;00m[38;5;21;01m.[39;00m[38;5;21;01m_highs_wrapper[39;00m[38;5;250m [39m[38;5;28;01mimport[39;00m _highs_wrapper
[1;32m     21[0m [38;5;28;01mfrom[39;00m[38;5;250m [39m[38;5;21;01m.[39;00m[38;5;21;01m_highspy[39;00m[38;5;21;01m.[39;00m[38;5;21;01m_core[39;00m[38;5;250m [39m[38;5;28;01mimport[39;00m(
[1;32m     22[0m     kHighsInf,
[1;32m     23[0m     HighsDebugLevel,
[1;32m     24[0m     ObjSense,
[1;32m     25[0m     HighsModelStatus,
[1;32m     26[0m )
[1;32m     27[0m [38;5;28;01mfrom[39;00m[38;5;250m [39m[38;5;21;01m.[39;00m[38;5;21;01m_highspy[39;00m[38;5;21;01m.[39;00m[38;5;21;01m_core[39;00m[38;5;21;01m.[39;00m[38;5;21;01msimplex_constants[39;00m[38;5;250m [39m[38;5;28;01mimport[39;00m (
[1;32m     28[0m     SimplexStrategy,
[1;32m     29[0m     SimplexEdgeWeightStrategy,
[1;32m     30[0m )

File [0;32m/opt/hostedtoolcache/Python/3.11.11/x64/lib/python3.11/site-packages/scipy/optimize/_highspy/_highs_wrapper.py:4[0m
[1;32m      1[0m [38;5;28;01mfrom[39;00m[38;5;250m [39m[38;5;21;01mwarnings[39;00m[38;5;250m [39m[38;5;28;01mimport[39;00m warn
[1;32m      3[0m [38;5;28;01mimport[39;00m[38;5;250m [39m[38;5;21;01mnumpy[39;00m[38;5;250m [39m[38;5;28;01mas[39;00m[38;5;250m [39m[38;5;21;01mnp[39;00m
[0;32m----> 4[0m [38;5;28;01mimport[39;00m[38;5;250m [39m[38;5;21;01mscipy[39;00m[38;5;21;01m.[39;00m[38;5;21;01moptimize[39;00m[38;5;21;01m.[39;00m[38;5;21;01m_highspy[39;00m[38;5;21;01m.[39;00m[38;5;21;01m_core[39;00m[38;5;250m [39m[38;5;28;01mas[39;00m[38;5;250m [39m[38;5;21;01m_h[39;00m [38;5;66;03m# type: ignore[import-not-found][39;00m
[1;32m      5[0m [38;5;28;01mfrom[39;00m[38;5;250m [39m[38;5;21;01mscipy[39;00m[38;5;21;01m.[39;00m[38;5;21;01moptimize[39;00m[38;5;21;01m.[39;00m[38;5;21;01m_highspy[39;00m[38;5;250m [39m[38;5;28;01mimport[39;00m _highs_options [38;5;28;01mas[39;00m hopt  [38;5;66;03m# type: ignore[attr-defined][39;00m
[1;32m      6[0m [38;5;28;01mfrom[39;00m[38;5;250m [39m[38;5;21;01mscipy[39;00m[38;5;21;01m.[39;00m[38;5;21;01moptimize[39;00m[38;5;250m [39m[38;5;28;01mimport[39;00m OptimizeWarning

[0;31mImportError[0m: generic_type: type "ObjSense" is already registered!

